<?xml version="1.0" encoding="UTF-8"?>
<!-- Generated by org.testng.reporters.JUnitReportReporter -->
<testsuite hostname="Gerald-PC" failures="0" tests="2" name="WOG.SeleniumTest" time="82.158" errors="0" timestamp="06 Jan 2020 06:51:08 GMT" skipped="0">
  <testcase classname="WOG.SeleniumTest" name="LoginToPEMC" time="0.006"/>
  <testcase classname="WOG.SeleniumTest" name="OpenPEMC" time="82.152"/>
</testsuite> <!-- WOG.SeleniumTest -->
