<?xml version="1.0" encoding="UTF-8"?>
<!-- Generated by org.testng.reporters.JUnitReportReporter -->
<testsuite hostname="Gerald-PC" failures="0" tests="2" name="WOG.AppiumTest" time="0.000" errors="0" timestamp="06 Jan 2020 06:38:05 GMT" skipped="0">
  <testcase classname="WOG.AppiumTest" name="NativeAppAndroid" time="0.000"/>
  <testcase classname="WOG.AppiumTest" name="IOSApps" time="0.000"/>
</testsuite> <!-- WOG.AppiumTest -->
